<?xml version="1.0" encoding="UTF-8"?>
<!-- Generated by org.testng.reporters.JUnitXMLReporter -->
<testsuite ignored="0" hostname="Harish" failures="1" tests="11" name="Default test" time="27.459" errors="0" timestamp="2021-09-28T19:22:49 IST">
  <testcase classname="com.ULHPOM.Runner.AllTestcases" name="@BeforeMethod in" time="2.877">
    <failure type="org.openqa.selenium.WebDriverException" message="unknown error: cannot determine loading status
from disconnected: received Inspector.detached event
  (Session info: chrome=93.0.4577.82)
Build info: version: &amp;apos;3.141.59&amp;apos;, revision: &amp;apos;e82be7d358&amp;apos;, time: &amp;apos;2018-11-14T08:17:03&amp;apos;
System info: host: &amp;apos;HARISH&amp;apos;, ip: &amp;apos;192.168.1.101&amp;apos;, os.name: &amp;apos;Windows 10&amp;apos;, os.arch: &amp;apos;amd64&amp;apos;, os.version: &amp;apos;10.0&amp;apos;, java.version: &amp;apos;11.0.12&amp;apos;
Driver info: org.openqa.selenium.chrome.ChromeDriver
Capabilities {acceptInsecureCerts: false, browserName: chrome, browserVersion: 93.0.4577.82, chrome: {chromedriverVersion: 92.0.4515.107 (87a818b10553..., userDataDir: C:\Users\saiha\AppData\Loca...}, goog:chromeOptions: {debuggerAddress: localhost:53348}, javascriptEnabled: true, networkConnectionEnabled: false, pageLoadStrategy: normal, platform: WINDOWS, platformName: WINDOWS, proxy: Proxy(), setWindowRect: true, strictFileInteractability: false, timeouts: {implicit: 0, pageLoad: 300000, script: 30000}, unhandledPromptBehavior: dismiss and notify, webauthn:extension:credBlob: true, webauthn:extension:largeBlob: true, webauthn:virtualAuthenticators: true}
Session ID: 88b4b3f9f4a1c91bbacc3dc30d670fbd">
      <![CDATA[org.openqa.selenium.WebDriverException: unknown error: cannot determine loading status
from disconnected: received Inspector.detached event
  (Session info: chrome=93.0.4577.82)
Build info: version: '3.141.59', revision: 'e82be7d358', time: '2018-11-14T08:17:03'
System info: host: 'HARISH', ip: '192.168.1.101', os.name: 'Windows 10', os.arch: 'amd64', os.version: '10.0', java.version: '11.0.12'
Driver info: org.openqa.selenium.chrome.ChromeDriver
Capabilities {acceptInsecureCerts: false, browserName: chrome, browserVersion: 93.0.4577.82, chrome: {chromedriverVersion: 92.0.4515.107 (87a818b10553..., userDataDir: C:\Users\saiha\AppData\Loca...}, goog:chromeOptions: {debuggerAddress: localhost:53348}, javascriptEnabled: true, networkConnectionEnabled: false, pageLoadStrategy: normal, platform: WINDOWS, platformName: WINDOWS, proxy: Proxy(), setWindowRect: true, strictFileInteractability: false, timeouts: {implicit: 0, pageLoad: 300000, script: 30000}, unhandledPromptBehavior: dismiss and notify, webauthn:extension:credBlob: true, webauthn:extension:largeBlob: true, webauthn:virtualAuthenticators: true}
Session ID: 88b4b3f9f4a1c91bbacc3dc30d670fbd
at java.base/jdk.internal.reflect.NativeConstructorAccessorImpl.newInstance0(Native Method)
at java.base/jdk.internal.reflect.NativeConstructorAccessorImpl.newInstance(NativeConstructorAccessorImpl.java:62)
at java.base/jdk.internal.reflect.DelegatingConstructorAccessorImpl.newInstance(DelegatingConstructorAccessorImpl.java:45)
at java.base/java.lang.reflect.Constructor.newInstance(Constructor.java:490)
at org.openqa.selenium.remote.http.W3CHttpResponseCodec.createException(W3CHttpResponseCodec.java:187)
at org.openqa.selenium.remote.http.W3CHttpResponseCodec.decode(W3CHttpResponseCodec.java:122)
at org.openqa.selenium.remote.http.W3CHttpResponseCodec.decode(W3CHttpResponseCodec.java:49)
at org.openqa.selenium.remote.HttpCommandExecutor.execute(HttpCommandExecutor.java:158)
at org.openqa.selenium.remote.service.DriverCommandExecutor.execute(DriverCommandExecutor.java:83)
at org.openqa.selenium.remote.RemoteWebDriver.execute(RemoteWebDriver.java:552)
at org.openqa.selenium.remote.RemoteWebDriver.get(RemoteWebDriver.java:277)
at com.ULHPOM.ResuableComponents.Base.OpenUrl(Base.java:49)
at com.ULHPOM.Runner.AllTestcases.in(AllTestcases.java:31)
at java.base/jdk.internal.reflect.NativeMethodAccessorImpl.invoke0(Native Method)
at java.base/jdk.internal.reflect.NativeMethodAccessorImpl.invoke(NativeMethodAccessorImpl.java:62)
at java.base/jdk.internal.reflect.DelegatingMethodAccessorImpl.invoke(DelegatingMethodAccessorImpl.java:43)
at java.base/java.lang.reflect.Method.invoke(Method.java:566)
at org.testng.internal.MethodInvocationHelper.invokeMethod(MethodInvocationHelper.java:133)
at org.testng.internal.MethodInvocationHelper.invokeMethodConsideringTimeout(MethodInvocationHelper.java:62)
at org.testng.internal.ConfigInvoker.invokeConfigurationMethod(ConfigInvoker.java:385)
at org.testng.internal.ConfigInvoker.invokeConfigurations(ConfigInvoker.java:321)
at org.testng.internal.TestInvoker.runConfigMethods(TestInvoker.java:700)
at org.testng.internal.TestInvoker.invokeMethod(TestInvoker.java:527)
at org.testng.internal.TestInvoker.invokeTestMethod(TestInvoker.java:173)
at org.testng.internal.MethodRunner.runInSequence(MethodRunner.java:46)
at org.testng.internal.TestInvoker$MethodInvocationAgent.invoke(TestInvoker.java:824)
at org.testng.internal.TestInvoker.invokeTestMethods(TestInvoker.java:146)
at org.testng.internal.TestMethodWorker.invokeTestMethods(TestMethodWorker.java:146)
at org.testng.internal.TestMethodWorker.run(TestMethodWorker.java:128)
at java.base/java.util.ArrayList.forEach(ArrayList.java:1541)
at org.testng.TestRunner.privateRun(TestRunner.java:794)
at org.testng.TestRunner.run(TestRunner.java:596)
at org.testng.SuiteRunner.runTest(SuiteRunner.java:377)
at org.testng.SuiteRunner.runSequentially(SuiteRunner.java:371)
at org.testng.SuiteRunner.privateRun(SuiteRunner.java:332)
at org.testng.SuiteRunner.run(SuiteRunner.java:276)
at org.testng.SuiteRunnerWorker.runSuite(SuiteRunnerWorker.java:53)
at org.testng.SuiteRunnerWorker.run(SuiteRunnerWorker.java:96)
at org.testng.TestNG.runSuitesSequentially(TestNG.java:1212)
at org.testng.TestNG.runSuitesLocally(TestNG.java:1134)
at org.testng.TestNG.runSuites(TestNG.java:1063)
at org.testng.TestNG.run(TestNG.java:1031)
at org.testng.remote.AbstractRemoteTestNG.run(AbstractRemoteTestNG.java:115)
at org.testng.remote.RemoteTestNG.initAndRun(RemoteTestNG.java:251)
at org.testng.remote.RemoteTestNG.main(RemoteTestNG.java:77)
]]>
    </failure>
  </testcase> <!-- @BeforeMethod in -->
  <testcase classname="com.ULHPOM.Runner.AllTestcases" name="@AfterMethod closeDriverM" time="-1.63283716885E9">
    <skipped/>
  </testcase> <!-- @AfterMethod closeDriverM -->
  <testcase classname="com.ULHPOM.Runner.AllTestcases" name="@BeforeMethod in" time="-1.632837168875E9">
    <skipped/>
  </testcase> <!-- @BeforeMethod in -->
  <testcase classname="com.ULHPOM.Runner.AllTestcases" name="@AfterMethod closeDriverM" time="-1.632837168896E9">
    <skipped/>
  </testcase> <!-- @AfterMethod closeDriverM -->
  <testcase classname="com.ULHPOM.Runner.AllTestcases" name="@BeforeMethod in" time="-1.632837168897E9">
    <skipped/>
  </testcase> <!-- @BeforeMethod in -->
  <testcase classname="com.ULHPOM.Runner.AllTestcases" name="@AfterMethod closeDriverM" time="-1.632837168925E9">
    <skipped/>
  </testcase> <!-- @AfterMethod closeDriverM -->
  <testcase classname="com.ULHPOM.Runner.AllTestcases" name="@BeforeMethod in" time="-1.632837168927E9">
    <skipped/>
  </testcase> <!-- @BeforeMethod in -->
  <testcase classname="com.ULHPOM.Runner.AllTestcases" name="@AfterMethod closeDriverM" time="-1.632837168933E9">
    <skipped/>
  </testcase> <!-- @AfterMethod closeDriverM -->
  <testcase classname="com.ULHPOM.Runner.AllTestcases" name="@BeforeMethod in" time="-1.632837168935E9">
    <skipped/>
  </testcase> <!-- @BeforeMethod in -->
  <testcase classname="com.ULHPOM.Runner.AllTestcases" name="@AfterMethod closeDriverM" time="-1.632837168945E9">
    <skipped/>
  </testcase> <!-- @AfterMethod closeDriverM -->
  <testcase classname="com.ULHPOM.Runner.AllTestcases" name="@BeforeMethod in" time="-1.632837168949E9">
    <skipped/>
  </testcase> <!-- @BeforeMethod in -->
  <testcase classname="com.ULHPOM.Runner.AllTestcases" name="@AfterMethod closeDriverM" time="-1.632837168961E9">
    <skipped/>
  </testcase> <!-- @AfterMethod closeDriverM -->
  <testcase classname="com.ULHPOM.Runner.AllTestcases" name="@BeforeMethod in" time="-1.632837169013E9">
    <skipped/>
  </testcase> <!-- @BeforeMethod in -->
  <testcase classname="com.ULHPOM.Runner.AllTestcases" name="@AfterMethod closeDriverM" time="-1.632837169021E9">
    <skipped/>
  </testcase> <!-- @AfterMethod closeDriverM -->
  <testcase classname="com.ULHPOM.Runner.AllTestcases" name="@BeforeMethod in" time="-1.632837169024E9">
    <skipped/>
  </testcase> <!-- @BeforeMethod in -->
  <testcase classname="com.ULHPOM.Runner.AllTestcases" name="@AfterMethod closeDriverM" time="-1.63283716903E9">
    <skipped/>
  </testcase> <!-- @AfterMethod closeDriverM -->
  <testcase classname="com.ULHPOM.Runner.AllTestcases" name="@BeforeMethod in" time="-1.632837169032E9">
    <skipped/>
  </testcase> <!-- @BeforeMethod in -->
  <testcase classname="com.ULHPOM.Runner.AllTestcases" name="@AfterMethod closeDriverM" time="-1.632837169042E9">
    <skipped/>
  </testcase> <!-- @AfterMethod closeDriverM -->
  <testcase classname="com.ULHPOM.Runner.AllTestcases" name="@BeforeMethod in" time="-1.632837169044E9">
    <skipped/>
  </testcase> <!-- @BeforeMethod in -->
  <testcase classname="com.ULHPOM.Runner.AllTestcases" name="@AfterMethod closeDriverM" time="-1.632837169055E9">
    <skipped/>
  </testcase> <!-- @AfterMethod closeDriverM -->
  <testcase classname="com.ULHPOM.Runner.AllTestcases" name="TrackOrder" time="1.199">
    <failure type="org.openqa.selenium.ElementClickInterceptedException" message="element click intercepted: Element &amp;lt;a title=&amp;quot;Track Order&amp;quot; class=&amp;quot;header-icon-link&amp;quot; href=&amp;quot;/orders?src=track-order&amp;quot;&amp;gt;...&amp;lt;/a&amp;gt; is not clickable at point (1034, 80). Other element would receive the click: &amp;lt;div class=&amp;quot;header__topBar-content&amp;quot;&amp;gt;...&amp;lt;/div&amp;gt;
  (Session info: chrome=93.0.4577.82)
Build info: version: &amp;apos;3.141.59&amp;apos;, revision: &amp;apos;e82be7d358&amp;apos;, time: &amp;apos;2018-11-14T08:17:03&amp;apos;
System info: host: &amp;apos;HARISH&amp;apos;, ip: &amp;apos;192.168.1.101&amp;apos;, os.name: &amp;apos;Windows 10&amp;apos;, os.arch: &amp;apos;amd64&amp;apos;, os.version: &amp;apos;10.0&amp;apos;, java.version: &amp;apos;11.0.12&amp;apos;
Driver info: org.openqa.selenium.chrome.ChromeDriver
Capabilities {acceptInsecureCerts: false, browserName: chrome, browserVersion: 93.0.4577.82, chrome: {chromedriverVersion: 92.0.4515.107 (87a818b10553..., userDataDir: C:\Users\saiha\AppData\Loca...}, goog:chromeOptions: {debuggerAddress: localhost:53574}, javascriptEnabled: true, networkConnectionEnabled: false, pageLoadStrategy: normal, platform: WINDOWS, platformName: WINDOWS, proxy: Proxy(), setWindowRect: true, strictFileInteractability: false, timeouts: {implicit: 0, pageLoad: 300000, script: 30000}, unhandledPromptBehavior: dismiss and notify, webauthn:extension:credBlob: true, webauthn:extension:largeBlob: true, webauthn:virtualAuthenticators: true}
Session ID: ff83c065c2bdc08f45c50d75b2ea1819">
      <![CDATA[org.openqa.selenium.ElementClickInterceptedException: element click intercepted: Element <a title="Track Order" class="header-icon-link" href="/orders?src=track-order">...</a> is not clickable at point (1034, 80). Other element would receive the click: <div class="header__topBar-content">...</div>
  (Session info: chrome=93.0.4577.82)
Build info: version: '3.141.59', revision: 'e82be7d358', time: '2018-11-14T08:17:03'
System info: host: 'HARISH', ip: '192.168.1.101', os.name: 'Windows 10', os.arch: 'amd64', os.version: '10.0', java.version: '11.0.12'
Driver info: org.openqa.selenium.chrome.ChromeDriver
Capabilities {acceptInsecureCerts: false, browserName: chrome, browserVersion: 93.0.4577.82, chrome: {chromedriverVersion: 92.0.4515.107 (87a818b10553..., userDataDir: C:\Users\saiha\AppData\Loca...}, goog:chromeOptions: {debuggerAddress: localhost:53574}, javascriptEnabled: true, networkConnectionEnabled: false, pageLoadStrategy: normal, platform: WINDOWS, platformName: WINDOWS, proxy: Proxy(), setWindowRect: true, strictFileInteractability: false, timeouts: {implicit: 0, pageLoad: 300000, script: 30000}, unhandledPromptBehavior: dismiss and notify, webauthn:extension:credBlob: true, webauthn:extension:largeBlob: true, webauthn:virtualAuthenticators: true}
Session ID: ff83c065c2bdc08f45c50d75b2ea1819
at java.base/jdk.internal.reflect.NativeConstructorAccessorImpl.newInstance0(Native Method)
at java.base/jdk.internal.reflect.NativeConstructorAccessorImpl.newInstance(NativeConstructorAccessorImpl.java:62)
at java.base/jdk.internal.reflect.DelegatingConstructorAccessorImpl.newInstance(DelegatingConstructorAccessorImpl.java:45)
at java.base/java.lang.reflect.Constructor.newInstance(Constructor.java:490)
at org.openqa.selenium.remote.http.W3CHttpResponseCodec.createException(W3CHttpResponseCodec.java:187)
at org.openqa.selenium.remote.http.W3CHttpResponseCodec.decode(W3CHttpResponseCodec.java:122)
at org.openqa.selenium.remote.http.W3CHttpResponseCodec.decode(W3CHttpResponseCodec.java:49)
at org.openqa.selenium.remote.HttpCommandExecutor.execute(HttpCommandExecutor.java:158)
at org.openqa.selenium.remote.service.DriverCommandExecutor.execute(DriverCommandExecutor.java:83)
at org.openqa.selenium.remote.RemoteWebDriver.execute(RemoteWebDriver.java:552)
at org.openqa.selenium.remote.RemoteWebElement.execute(RemoteWebElement.java:285)
at org.openqa.selenium.remote.RemoteWebElement.click(RemoteWebElement.java:84)
at java.base/jdk.internal.reflect.NativeMethodAccessorImpl.invoke0(Native Method)
at java.base/jdk.internal.reflect.NativeMethodAccessorImpl.invoke(NativeMethodAccessorImpl.java:62)
at java.base/jdk.internal.reflect.DelegatingMethodAccessorImpl.invoke(DelegatingMethodAccessorImpl.java:43)
at java.base/java.lang.reflect.Method.invoke(Method.java:566)
at org.openqa.selenium.support.pagefactory.internal.LocatingElementHandler.invoke(LocatingElementHandler.java:51)
at com.sun.proxy.$Proxy14.click(Unknown Source)
at com.ULHPOM.PageObjects.HomePageObjects.ClickOntrackOrder(HomePageObjects.java:191)
at com.ULHPOM.Runner.AllTestcases.TrackOrder(AllTestcases.java:142)
at java.base/jdk.internal.reflect.NativeMethodAccessorImpl.invoke0(Native Method)
at java.base/jdk.internal.reflect.NativeMethodAccessorImpl.invoke(NativeMethodAccessorImpl.java:62)
at java.base/jdk.internal.reflect.DelegatingMethodAccessorImpl.invoke(DelegatingMethodAccessorImpl.java:43)
at java.base/java.lang.reflect.Method.invoke(Method.java:566)
at org.testng.internal.MethodInvocationHelper.invokeMethod(MethodInvocationHelper.java:133)
at org.testng.internal.TestInvoker.invokeMethod(TestInvoker.java:598)
at org.testng.internal.TestInvoker.invokeTestMethod(TestInvoker.java:173)
at org.testng.internal.MethodRunner.runInSequence(MethodRunner.java:46)
at org.testng.internal.TestInvoker$MethodInvocationAgent.invoke(TestInvoker.java:824)
at org.testng.internal.TestInvoker.invokeTestMethods(TestInvoker.java:146)
at org.testng.internal.TestMethodWorker.invokeTestMethods(TestMethodWorker.java:146)
at org.testng.internal.TestMethodWorker.run(TestMethodWorker.java:128)
at java.base/java.util.ArrayList.forEach(ArrayList.java:1541)
at org.testng.TestRunner.privateRun(TestRunner.java:794)
at org.testng.TestRunner.run(TestRunner.java:596)
at org.testng.SuiteRunner.runTest(SuiteRunner.java:377)
at org.testng.SuiteRunner.runSequentially(SuiteRunner.java:371)
at org.testng.SuiteRunner.privateRun(SuiteRunner.java:332)
at org.testng.SuiteRunner.run(SuiteRunner.java:276)
at org.testng.SuiteRunnerWorker.runSuite(SuiteRunnerWorker.java:53)
at org.testng.SuiteRunnerWorker.run(SuiteRunnerWorker.java:96)
at org.testng.TestNG.runSuitesSequentially(TestNG.java:1212)
at org.testng.TestNG.runSuitesLocally(TestNG.java:1134)
at org.testng.TestNG.runSuites(TestNG.java:1063)
at org.testng.TestNG.run(TestNG.java:1031)
at org.testng.remote.AbstractRemoteTestNG.run(AbstractRemoteTestNG.java:115)
at org.testng.remote.RemoteTestNG.initAndRun(RemoteTestNG.java:251)
at org.testng.remote.RemoteTestNG.main(RemoteTestNG.java:77)
]]>
    </failure>
  </testcase> <!-- TrackOrder -->
  <testcase classname="com.ULHPOM.Runner.AllTestcases" name="TrackOrder" time="0.001">
    <skipped/>
  </testcase> <!-- TrackOrder -->
  <testcase classname="com.ULHPOM.Runner.AllTestcases" name="GetCities" time="0.0">
    <skipped/>
  </testcase> <!-- GetCities -->
  <testcase classname="com.ULHPOM.Runner.AllTestcases" name="TvPrice" time="0.0">
    <skipped/>
  </testcase> <!-- TvPrice -->
  <testcase classname="com.ULHPOM.Runner.AllTestcases" name="VerifyGiftCard" time="0.0">
    <skipped/>
  </testcase> <!-- VerifyGiftCard -->
  <testcase classname="com.ULHPOM.Runner.AllTestcases" name="GetTwitterFollowers" time="0.0">
    <skipped/>
  </testcase> <!-- GetTwitterFollowers -->
  <testcase classname="com.ULHPOM.Runner.AllTestcases" name="CheckoutItem" time="0.0">
    <skipped/>
  </testcase> <!-- CheckoutItem -->
  <testcase classname="com.ULHPOM.Runner.AllTestcases" name="ChatSupportCkeck" time="0.0">
    <skipped/>
  </testcase> <!-- ChatSupportCkeck -->
  <testcase classname="com.ULHPOM.Runner.AllTestcases" name="NoOfLinksinStoresPage" time="0.0">
    <skipped/>
  </testcase> <!-- NoOfLinksinStoresPage -->
  <testcase classname="com.ULHPOM.Runner.AllTestcases" name="SearchForItem" time="0.0">
    <skipped/>
  </testcase> <!-- SearchForItem -->
  <testcase classname="com.ULHPOM.Runner.AllTestcases" name="SelectRecommendations" time="0.0">
    <skipped/>
  </testcase> <!-- SelectRecommendations -->
</testsuite> <!-- Default test -->
