<?xml version="1.0" encoding="UTF-8"?>
<!-- Generated by org.testng.reporters.JUnitXMLReporter -->
<testsuite ignored="0" hostname="Harish" failures="0" tests="11" name="Test" time="25.497" errors="0" timestamp="2021-09-26T08:14:10 IST">
  <testcase classname="com.UrbanLadder.Runner.AllTestcases" name="@BeforeMethod in" time="19.138">
    <failure type="org.openqa.selenium.WebDriverException" message="unknown error: net::ERR_INTERNET_DISCONNECTED
  (Session info: chrome=93.0.4577.82)
Build info: version: &amp;apos;3.141.59&amp;apos;, revision: &amp;apos;e82be7d358&amp;apos;, time: &amp;apos;2018-11-14T08:17:03&amp;apos;
System info: host: &amp;apos;HARISH&amp;apos;, ip: &amp;apos;127.0.0.1&amp;apos;, os.name: &amp;apos;Windows 10&amp;apos;, os.arch: &amp;apos;amd64&amp;apos;, os.version: &amp;apos;10.0&amp;apos;, java.version: &amp;apos;11.0.12&amp;apos;
Driver info: org.openqa.selenium.chrome.ChromeDriver
Capabilities {acceptInsecureCerts: false, browserName: chrome, browserVersion: 93.0.4577.82, chrome: {chromedriverVersion: 92.0.4515.107 (87a818b10553..., userDataDir: C:\Windows\TEMP\scoped_dir2...}, goog:chromeOptions: {debuggerAddress: localhost:64012}, javascriptEnabled: true, networkConnectionEnabled: false, pageLoadStrategy: normal, platform: WINDOWS, platformName: WINDOWS, proxy: Proxy(), setWindowRect: true, strictFileInteractability: false, timeouts: {implicit: 0, pageLoad: 300000, script: 30000}, unhandledPromptBehavior: dismiss and notify, webauthn:extension:credBlob: true, webauthn:extension:largeBlob: true, webauthn:virtualAuthenticators: true}
Session ID: ad0bc4679170cd76e5cd3aba20e4df58">
      <![CDATA[org.openqa.selenium.WebDriverException: unknown error: net::ERR_INTERNET_DISCONNECTED
  (Session info: chrome=93.0.4577.82)
Build info: version: '3.141.59', revision: 'e82be7d358', time: '2018-11-14T08:17:03'
System info: host: 'HARISH', ip: '127.0.0.1', os.name: 'Windows 10', os.arch: 'amd64', os.version: '10.0', java.version: '11.0.12'
Driver info: org.openqa.selenium.chrome.ChromeDriver
Capabilities {acceptInsecureCerts: false, browserName: chrome, browserVersion: 93.0.4577.82, chrome: {chromedriverVersion: 92.0.4515.107 (87a818b10553..., userDataDir: C:\Windows\TEMP\scoped_dir2...}, goog:chromeOptions: {debuggerAddress: localhost:64012}, javascriptEnabled: true, networkConnectionEnabled: false, pageLoadStrategy: normal, platform: WINDOWS, platformName: WINDOWS, proxy: Proxy(), setWindowRect: true, strictFileInteractability: false, timeouts: {implicit: 0, pageLoad: 300000, script: 30000}, unhandledPromptBehavior: dismiss and notify, webauthn:extension:credBlob: true, webauthn:extension:largeBlob: true, webauthn:virtualAuthenticators: true}
Session ID: ad0bc4679170cd76e5cd3aba20e4df58
at org.openqa.selenium.remote.http.W3CHttpResponseCodec.createException(W3CHttpResponseCodec.java:187)
at org.openqa.selenium.remote.http.W3CHttpResponseCodec.decode(W3CHttpResponseCodec.java:122)
at org.openqa.selenium.remote.http.W3CHttpResponseCodec.decode(W3CHttpResponseCodec.java:49)
at org.openqa.selenium.remote.HttpCommandExecutor.execute(HttpCommandExecutor.java:158)
at org.openqa.selenium.remote.service.DriverCommandExecutor.execute(DriverCommandExecutor.java:83)
at org.openqa.selenium.remote.RemoteWebDriver.execute(RemoteWebDriver.java:552)
at org.openqa.selenium.remote.RemoteWebDriver.get(RemoteWebDriver.java:277)
at com.UrbanLadder.ResuableComponents.Base.OpenUrl(Base.java:49)
at com.UrbanLadder.Runner.AllTestcases.in(AllTestcases.java:31)
at java.base/java.util.ArrayList.forEach(ArrayList.java:1541)
... Removed 39 stack frames]]>
    </failure>
  </testcase> <!-- @BeforeMethod in -->
  <testcase classname="com.UrbanLadder.Runner.AllTestcases" name="@AfterMethod closeDriverM" time="-1.632624243606E9">
    <skipped/>
  </testcase> <!-- @AfterMethod closeDriverM -->
  <testcase classname="com.UrbanLadder.Runner.AllTestcases" name="@BeforeMethod in" time="-1.632624243614E9">
    <skipped/>
  </testcase> <!-- @BeforeMethod in -->
  <testcase classname="com.UrbanLadder.Runner.AllTestcases" name="@AfterMethod closeDriverM" time="-1.632624243614E9">
    <skipped/>
  </testcase> <!-- @AfterMethod closeDriverM -->
  <testcase classname="com.UrbanLadder.Runner.AllTestcases" name="@BeforeMethod in" time="-1.632624243614E9">
    <skipped/>
  </testcase> <!-- @BeforeMethod in -->
  <testcase classname="com.UrbanLadder.Runner.AllTestcases" name="@AfterMethod closeDriverM" time="-1.632624243622E9">
    <skipped/>
  </testcase> <!-- @AfterMethod closeDriverM -->
  <testcase classname="com.UrbanLadder.Runner.AllTestcases" name="@BeforeMethod in" time="-1.632624243622E9">
    <skipped/>
  </testcase> <!-- @BeforeMethod in -->
  <testcase classname="com.UrbanLadder.Runner.AllTestcases" name="@AfterMethod closeDriverM" time="-1.632624243622E9">
    <skipped/>
  </testcase> <!-- @AfterMethod closeDriverM -->
  <testcase classname="com.UrbanLadder.Runner.AllTestcases" name="@BeforeMethod in" time="-1.632624243622E9">
    <skipped/>
  </testcase> <!-- @BeforeMethod in -->
  <testcase classname="com.UrbanLadder.Runner.AllTestcases" name="@AfterMethod closeDriverM" time="-1.63262424363E9">
    <skipped/>
  </testcase> <!-- @AfterMethod closeDriverM -->
  <testcase classname="com.UrbanLadder.Runner.AllTestcases" name="@BeforeMethod in" time="-1.63262424363E9">
    <skipped/>
  </testcase> <!-- @BeforeMethod in -->
  <testcase classname="com.UrbanLadder.Runner.AllTestcases" name="@AfterMethod closeDriverM" time="-1.63262424363E9">
    <skipped/>
  </testcase> <!-- @AfterMethod closeDriverM -->
  <testcase classname="com.UrbanLadder.Runner.AllTestcases" name="@BeforeMethod in" time="-1.63262424363E9">
    <skipped/>
  </testcase> <!-- @BeforeMethod in -->
  <testcase classname="com.UrbanLadder.Runner.AllTestcases" name="@AfterMethod closeDriverM" time="-1.63262424363E9">
    <skipped/>
  </testcase> <!-- @AfterMethod closeDriverM -->
  <testcase classname="com.UrbanLadder.Runner.AllTestcases" name="@BeforeMethod in" time="-1.63262424363E9">
    <skipped/>
  </testcase> <!-- @BeforeMethod in -->
  <testcase classname="com.UrbanLadder.Runner.AllTestcases" name="@AfterMethod closeDriverM" time="-1.63262424363E9">
    <skipped/>
  </testcase> <!-- @AfterMethod closeDriverM -->
  <testcase classname="com.UrbanLadder.Runner.AllTestcases" name="@BeforeMethod in" time="-1.632624249883E9">
    <skipped/>
  </testcase> <!-- @BeforeMethod in -->
  <testcase classname="com.UrbanLadder.Runner.AllTestcases" name="@AfterMethod closeDriverM" time="-1.632624249891E9">
    <skipped/>
  </testcase> <!-- @AfterMethod closeDriverM -->
  <testcase classname="com.UrbanLadder.Runner.AllTestcases" name="@BeforeMethod in" time="-1.632624249892E9">
    <skipped/>
  </testcase> <!-- @BeforeMethod in -->
  <testcase classname="com.UrbanLadder.Runner.AllTestcases" name="@AfterMethod closeDriverM" time="-1.632624249895E9">
    <skipped/>
  </testcase> <!-- @AfterMethod closeDriverM -->
  <testcase classname="com.UrbanLadder.Runner.AllTestcases" name="@BeforeMethod in" time="-1.632624249899E9">
    <skipped/>
  </testcase> <!-- @BeforeMethod in -->
  <testcase classname="com.UrbanLadder.Runner.AllTestcases" name="@AfterMethod closeDriverM" time="-1.632624249901E9">
    <skipped/>
  </testcase> <!-- @AfterMethod closeDriverM -->
  <testcase classname="com.UrbanLadder.Runner.AllTestcases" name="SearchForItem" time="0.0">
    <skipped/>
  </testcase> <!-- SearchForItem -->
  <testcase classname="com.UrbanLadder.Runner.AllTestcases" name="GetCities" time="0.0">
    <skipped/>
  </testcase> <!-- GetCities -->
  <testcase classname="com.UrbanLadder.Runner.AllTestcases" name="TvPrice" time="0.0">
    <skipped/>
  </testcase> <!-- TvPrice -->
  <testcase classname="com.UrbanLadder.Runner.AllTestcases" name="GetTwitterFollowers" time="0.0">
    <skipped/>
  </testcase> <!-- GetTwitterFollowers -->
  <testcase classname="com.UrbanLadder.Runner.AllTestcases" name="VerifyGiftCard" time="0.0">
    <skipped/>
  </testcase> <!-- VerifyGiftCard -->
  <testcase classname="com.UrbanLadder.Runner.AllTestcases" name="CheckoutItem" time="0.0">
    <skipped/>
  </testcase> <!-- CheckoutItem -->
  <testcase classname="com.UrbanLadder.Runner.AllTestcases" name="ChatSupportCkeck" time="0.0">
    <skipped/>
  </testcase> <!-- ChatSupportCkeck -->
  <testcase classname="com.UrbanLadder.Runner.AllTestcases" name="NoOfLinksinStoresPage" time="0.0">
    <skipped/>
  </testcase> <!-- NoOfLinksinStoresPage -->
  <testcase classname="com.UrbanLadder.Runner.AllTestcases" name="TrackOrder" time="0.0">
    <skipped/>
  </testcase> <!-- TrackOrder -->
  <testcase classname="com.UrbanLadder.Runner.AllTestcases" name="TrackOrder" time="0.0">
    <skipped/>
  </testcase> <!-- TrackOrder -->
  <testcase classname="com.UrbanLadder.Runner.AllTestcases" name="SelectRecommendations" time="0.0">
    <skipped/>
  </testcase> <!-- SelectRecommendations -->
</testsuite> <!-- Test -->
